#
# A fatal error has been detected by the Java Runtime Environment:
#
#  SIGSEGV (0xb) at pc=0x00007f91dc764340, pid=1, tid=103
#
# JRE version: OpenJDK Runtime Environment (10.0.1+10) (build 10.0.1+10-Debian-4)
# Java VM: OpenJDK 64-Bit Server VM (10.0.1+10-Debian-4, mixed mode, tiered, compressed oops, g1 gc, linux-amd64)
# Problematic frame:
# C  [sqlite-3.8.11.2-c3d038a1-4cf4-4478-ae26-6c8fff731e23-libsqlitejdbc.so+0x65340]
#
# Core dump will be written. Default location: Core dumps may be processed with "/usr/share/apport/apport %p %s %c %d %P" (or dumping to /app/core.1)
#
# If you would like to submit a bug report, please visit:
#   http://bugreport.java.com/bugreport/crash.jsp
# The crash happened outside the Java Virtual Machine in native code.
# See problematic frame for where to report the bug.
#

---------------  S U M M A R Y ------------

Command Line: Server

Host: Intel(R) Pentium(R) CPU G630 @ 2.70GHz, 2 cores, 7G, Debian GNU/Linux buster/sid
Time: Mon Jul  9 11:23:18 2018 UTC elapsed time: 40 seconds (0d 0h 0m 40s)

---------------  T H R E A D  ---------------

Current thread (0x00007f91f830c800):  JavaThread "Thread-73" [_thread_in_native, id=103, stack(0x00007f91dc5fe000,0x00007f91dc6ff000)]

Stack: [0x00007f91dc5fe000,0x00007f91dc6ff000],  sp=0x00007f91dc6fd7b0,  free space=1021k
Native frames: (J=compiled Java code, A=aot compiled Java code, j=interpreted, Vv=VM code, C=native code)
C  [sqlite-3.8.11.2-c3d038a1-4cf4-4478-ae26-6c8fff731e23-libsqlitejdbc.so+0x65340]

Java frames: (J=compiled Java code, j=interpreted, Vv=VM code)
j  org.sqlite.core.NativeDB.reset(J)I+0
j  org.sqlite.core.CoreResultSet.close()V+81
j  org.sqlite.core.CoreStatement.internalClose()V+34
j  org.sqlite.jdbc3.JDBC3Statement.executeUpdate(Ljava/lang/String;)I+1
j  DB.getNext()Ljava/lang/String;+6
j  ServerThr.run()V+144
v  ~StubRoutines::call_stub

siginfo: si_signo: 11 (SIGSEGV), si_code: 1 (SEGV_MAPERR), si_addr: 0x0000000000000018

Register to memory mapping:

RAX=0x00007f91a4035048 is an unknown value
RBX=0x0000000000000000 is an unknown value
RCX=0x00007f91ac006bc0 is an unknown value
RDX=0x00007f91a4035048 is an unknown value
RSP=0x00007f91dc6fd7b0 is pointing into the stack for thread: 0x00007f91f830c800
RBP=0x00007f91a4035048 is an unknown value
RSI=0x00007f91dc6fd870 is pointing into the stack for thread: 0x00007f91f830c800
RDI=0x00007f91a4035048 is an unknown value
R8 =
[error occurred during error reporting (printing register info), id 0xb]

Registers:
RAX=0x00007f91a4035048, RBX=0x0000000000000000, RCX=0x00007f91ac006bc0, RDX=0x00007f91a4035048
RSP=0x00007f91dc6fd7b0, RBP=0x00007f91a4035048, RSI=0x00007f91dc6fd870, RDI=0x00007f91a4035048
R8 =0x00000000ffffffff, R9 =0x0000000000000001, R10=0x00007f91dfb371bb, R11=0x0000000000000121
R12=0x0000000000000000, R13=0x00007f91fc8173d0, R14=0x00007f91dc6fd870, R15=0x00007f91f830c800
RIP=0x00007f91dc764340, EFLAGS=0x0000000000010206, CSGSFS=0x002b000000000033, ERR=0x0000000000000004
  TRAPNO=0x000000000000000e

Top of Stack: (sp=0x00007f91dc6fd7b0)
0x00007f91dc6fd7b0:   00007f91fc8173d0 00007f91dc6fd840
0x00007f91dc6fd7c0:   0000000000000000 00007f91dfb371e7
0x00007f91dc6fd7d0:   00007f91dc6fd840 00007f91dfb36f75
0x00007f91dc6fd7e0:   00007f91dfb36f33 0000000000000003 

Instructions: (pc=0x00007f91dc764340)
0x00007f91dc764320:   48 89 5c 24 e8 48 89 6c 24 f0 31 db 4c 89 64 24
0x00007f91dc764330:   f8 48 83 ec 18 48 85 ff 48 89 fd 74 4a 4c 8b 27
0x00007f91dc764340:   49 8b 7c 24 18 e8 e6 67 fa ff 48 83 bd b8 00 00
0x00007f91dc764350:   00 00 7e 0b 48 89 ee 4c 89 e7 e8 f1 bb fa ff 48 


---------------  P R O C E S S  ---------------

Threads class SMR info:
_java_thread_list=0x00007f91bc000f00, length=11, elements={
0x00007f91f8011000, 0x00007f91f8129800, 0x00007f91f812b800, 0x00007f91f8140800,
0x00007f91f8142800, 0x00007f91f8144800, 0x00007f91f8146800, 0x00007f91f81ae000,
0x00007f91f81c3800, 0x00007f91f8310800, 0x00007f91f830c800
}

Java Threads: ( => current thread )
  0x00007f91f8011000 JavaThread "main" [_thread_in_native, id=13, stack(0x00007f9201e9d000,0x00007f9201f9e000)]
  0x00007f91f8129800 JavaThread "Reference Handler" daemon [_thread_blocked, id=22, stack(0x00007f91ddb66000,0x00007f91ddc67000)]
  0x00007f91f812b800 JavaThread "Finalizer" daemon [_thread_blocked, id=23, stack(0x00007f91dda65000,0x00007f91ddb66000)]
  0x00007f91f8140800 JavaThread "Signal Dispatcher" daemon [_thread_blocked, id=24, stack(0x00007f91dd7f1000,0x00007f91dd8f2000)]
  0x00007f91f8142800 JavaThread "C2 CompilerThread0" daemon [_thread_blocked, id=25, stack(0x00007f91dd6f0000,0x00007f91dd7f1000)]
  0x00007f91f8144800 JavaThread "C1 CompilerThread1" daemon [_thread_blocked, id=26, stack(0x00007f91dd5ef000,0x00007f91dd6f0000)]
  0x00007f91f8146800 JavaThread "Sweeper thread" daemon [_thread_blocked, id=27, stack(0x00007f91dd4ee000,0x00007f91dd5ef000)]
  0x00007f91f81ae000 JavaThread "Service Thread" daemon [_thread_blocked, id=28, stack(0x00007f91dd3ed000,0x00007f91dd4ee000)]
  0x00007f91f81c3800 JavaThread "Common-Cleaner" daemon [_thread_blocked, id=30, stack(0x00007f91dd1ea000,0x00007f91dd2eb000)]
  0x00007f91f8310800 JavaThread "Thread-72" [_thread_blocked, id=102, stack(0x00007f91dc4fd000,0x00007f91dc5fe000)]
=>0x00007f91f830c800 JavaThread "Thread-73" [_thread_in_native, id=103, stack(0x00007f91dc5fe000,0x00007f91dc6ff000)]

Other Threads:
  0x00007f91f811d800 VMThread "VM Thread" [stack: 0x00007f91fc072000,0x00007f91fc172000] [id=21]
  0x00007f91f81b0800 WatcherThread [stack: 0x00007f91dd2ed000,0x00007f91dd3ed000] [id=29]
  0x00007f91f8027800 GCTaskThread "GC Thread#0" [stack: 0x00007f91fe005000,0x00007f91fe105000] [id=14]
  0x00007f91f8029000 GCTaskThread "GC Thread#1" [stack: 0x00007f91fdf03000,0x00007f91fe003000] [id=15]
  0x00007f91f8052000 ConcurrentGCThread "G1 Main Marker" [stack: 0x00007f91fd077000,0x00007f91fd177000] [id=16]
  0x00007f91f8054000 ConcurrentGCThread "G1 Conc#0" [stack: 0x00007f91fcf75000,0x00007f91fd075000] [id=17]
  0x00007f91f80bb800 ConcurrentGCThread "G1 Refine#0" [stack: 0x00007f91fcc71000,0x00007f91fcd71000] [id=18]
  0x00007f91f80bd800 ConcurrentGCThread "G1 Refine#1" [stack: 0x00007f91fcb6f000,0x00007f91fcc6f000] [id=19]
  0x00007f91f80bf000 ConcurrentGCThread "G1 Young RemSet Sampling" [stack: 0x00007f91fca6d000,0x00007f91fcb6d000] [id=20]

Threads with active compile tasks:

VM state:not at safepoint (normal execution)

VM Mutex/Monitor currently owned by a thread: None

Heap address: 0x0000000085000000, size: 1968 MB, Compressed Oops mode: 32-bit
Narrow klass base: 0x0000000000000000, Narrow klass shift: 3
Compressed class space size: 1073741824 Address: 0x0000000100000000

Heap:
 garbage-first heap   total 126976K, used 5941K [0x0000000085000000, 0x0000000100000000)
  region size 1024K, 6 young (6144K), 1 survivors (1024K)
 Metaspace       used 9358K, capacity 9558K, committed 9984K, reserved 1058816K
  class space    used 820K, capacity 909K, committed 1024K, reserved 1048576K
Heap Regions: E=young(eden), S=young(survivor), O=old, HS=humongous(starts), HC=humongous(continues), CS=collection set, F=free, A=archive, TS=gc time stamp, AC=allocation context, TAMS=top-at-mark-start (previous, next)
|   0|0x0000000085000000, 0x00000000850cd400, 0x0000000085100000| 80%| O|  |TS  1|AC  0|TAMS 0x0000000085000000, 0x0000000085000000|
|   1|0x0000000085100000, 0x0000000085100000, 0x0000000085200000|  0%| F|  |TS  0|AC  0|TAMS 0x0000000085100000, 0x0000000085100000|
|   2|0x0000000085200000, 0x0000000085200000, 0x0000000085300000|  0%| F|  |TS  0|AC  0|TAMS 0x0000000085200000, 0x0000000085200000|
|   3|0x0000000085300000, 0x0000000085300000, 0x0000000085400000|  0%| F|  |TS  0|AC  0|TAMS 0x0000000085300000, 0x0000000085300000|
|   4|0x0000000085400000, 0x0000000085400000, 0x0000000085500000|  0%| F|  |TS  0|AC  0|TAMS 0x0000000085400000, 0x0000000085400000|
|   5|0x0000000085500000, 0x0000000085500000, 0x0000000085600000|  0%| F|  |TS  0|AC  0|TAMS 0x0000000085500000, 0x0000000085500000|
|   6|0x0000000085600000, 0x0000000085600000, 0x0000000085700000|  0%| F|  |TS  0|AC  0|TAMS 0x0000000085600000, 0x0000000085600000|
|   7|0x0000000085700000, 0x0000000085700000, 0x0000000085800000|  0%| F|  |TS  0|AC  0|TAMS 0x0000000085700000, 0x0000000085700000|
|   8|0x0000000085800000, 0x0000000085800000, 0x0000000085900000|  0%| F|  |TS  0|AC  0|TAMS 0x0000000085800000, 0x0000000085800000|
|   9|0x0000000085900000, 0x0000000085900000, 0x0000000085a00000|  0%| F|  |TS  0|AC  0|TAMS 0x0000000085900000, 0x0000000085900000|
|  10|0x0000000085a00000, 0x0000000085a00000, 0x0000000085b00000|  0%| F|  |TS  0|AC  0|TAMS 0x0000000085a00000, 0x0000000085a00000|
|  11|0x0000000085b00000, 0x0000000085b00000, 0x0000000085c00000|  0%| F|  |TS  0|AC  0|TAMS 0x0000000085b00000, 0x0000000085b00000|
|  12|0x0000000085c00000, 0x0000000085c00000, 0x0000000085d00000|  0%| F|  |TS  0|AC  0|TAMS 0x0000000085c00000, 0x0000000085c00000|
|  13|0x0000000085d00000, 0x0000000085d00000, 0x0000000085e00000|  0%| F|  |TS  0|AC  0|TAMS 0x0000000085d00000, 0x0000000085d00000|
|  14|0x0000000085e00000, 0x0000000085e00000, 0x0000000085f00000|  0%| F|  |TS  0|AC  0|TAMS 0x0000000085e00000, 0x0000000085e00000|
|  15|0x0000000085f00000, 0x0000000085f00000, 0x0000000086000000|  0%| F|  |TS  0|AC  0|TAMS 0x0000000085f00000, 0x0000000085f00000|
|  16|0x0000000086000000, 0x0000000086000000, 0x0000000086100000|  0%| F|  |TS  0|AC  0|TAMS 0x0000000086000000, 0x0000000086000000|
|  17|0x0000000086100000, 0x0000000086100000, 0x0000000086200000|  0%| F|  |TS  0|AC  0|TAMS 0x0000000086100000, 0x0000000086100000|
|  18|0x0000000086200000, 0x0000000086200000, 0x0000000086300000|  0%| F|  |TS  0|AC  0|TAMS 0x0000000086200000, 0x0000000086200000|
|  19|0x0000000086300000, 0x0000000086300000, 0x0000000086400000|  0%| F|  |TS  0|AC  0|TAMS 0x0000000086300000, 0x0000000086300000|
|  20|0x0000000086400000, 0x0000000086400000, 0x0000000086500000|  0%| F|  |TS  0|AC  0|TAMS 0x0000000086400000, 0x0000000086400000|
|  21|0x0000000086500000, 0x0000000086500000, 0x0000000086600000|  0%| F|  |TS  0|AC  0|TAMS 0x0000000086500000, 0x0000000086500000|
|  22|0x0000000086600000, 0x0000000086600000, 0x0000000086700000|  0%| F|  |TS  0|AC  0|TAMS 0x0000000086600000, 0x0000000086600000|
|  23|0x0000000086700000, 0x0000000086700000, 0x0000000086800000|  0%| F|  |TS  0|AC  0|TAMS 0x0000000086700000, 0x0000000086700000|
|  24|0x0000000086800000, 0x0000000086800000, 0x0000000086900000|  0%| F|  |TS  0|AC  0|TAMS 0x0000000086800000, 0x0000000086800000|
|  25|0x0000000086900000, 0x0000000086900000, 0x0000000086a00000|  0%| F|  |TS  0|AC  0|TAMS 0x0000000086900000, 0x0000000086900000|
|  26|0x0000000086a00000, 0x0000000086a00000, 0x0000000086b00000|  0%| F|  |TS  0|AC  0|TAMS 0x0000000086a00000, 0x0000000086a00000|
|  27|0x0000000086b00000, 0x0000000086b00000, 0x0000000086c00000|  0%| F|  |TS  0|AC  0|TAMS 0x0000000086b00000, 0x0000000086b00000|
|  28|0x0000000086c00000, 0x0000000086c00000, 0x0000000086d00000|  0%| F|  |TS  0|AC  0|TAMS 0x0000000086c00000, 0x0000000086c00000|
|  29|0x0000000086d00000, 0x0000000086d00000, 0x0000000086e00000|  0%| F|  |TS  0|AC  0|TAMS 0x0000000086d00000, 0x0000000086d00000|
|  30|0x0000000086e00000, 0x0000000086e00000, 0x0000000086f00000|  0%| F|  |TS  0|AC  0|TAMS 0x0000000086e00000, 0x0000000086e00000|
|  31|0x0000000086f00000, 0x0000000086f00000, 0x0000000087000000|  0%| F|  |TS  0|AC  0|TAMS 0x0000000086f00000, 0x0000000086f00000|
|  32|0x0000000087000000, 0x0000000087000000, 0x0000000087100000|  0%| F|  |TS  0|AC  0|TAMS 0x0000000087000000, 0x0000000087000000|
|  33|0x0000000087100000, 0x0000000087100000, 0x0000000087200000|  0%| F|  |TS  0|AC  0|TAMS 0x0000000087100000, 0x0000000087100000|
|  34|0x0000000087200000, 0x0000000087200000, 0x0000000087300000|  0%| F|  |TS  0|AC  0|TAMS 0x0000000087200000, 0x0000000087200000|
|  35|0x0000000087300000, 0x0000000087300000, 0x0000000087400000|  0%| F|  |TS  0|AC  0|TAMS 0x0000000087300000, 0x0000000087300000|
|  36|0x0000000087400000, 0x0000000087400000, 0x0000000087500000|  0%| F|  |TS  0|AC  0|TAMS 0x0000000087400000, 0x0000000087400000|
|  37|0x0000000087500000, 0x0000000087500000, 0x0000000087600000|  0%| F|  |TS  0|AC  0|TAMS 0x0000000087500000, 0x0000000087500000|
|  38|0x0000000087600000, 0x0000000087600000, 0x0000000087700000|  0%| F|  |TS  0|AC  0|TAMS 0x0000000087600000, 0x0000000087600000|
|  39|0x0000000087700000, 0x0000000087700000, 0x0000000087800000|  0%| F|  |TS  0|AC  0|TAMS 0x0000000087700000, 0x0000000087700000|
|  40|0x0000000087800000, 0x0000000087800000, 0x0000000087900000|  0%| F|  |TS  0|AC  0|TAMS 0x0000000087800000, 0x0000000087800000|
|  41|0x0000000087900000, 0x0000000087900000, 0x0000000087a00000|  0%| F|  |TS  0|AC  0|TAMS 0x0000000087900000, 0x0000000087900000|
|  42|0x0000000087a00000, 0x0000000087a00000, 0x0000000087b00000|  0%| F|  |TS  0|AC  0|TAMS 0x0000000087a00000, 0x0000000087a00000|
|  43|0x0000000087b00000, 0x0000000087b00000, 0x0000000087c00000|  0%| F|  |TS  0|AC  0|TAMS 0x0000000087b00000, 0x0000000087b00000|
|  44|0x0000000087c00000, 0x0000000087c00000, 0x0000000087d00000|  0%| F|  |TS  0|AC  0|TAMS 0x0000000087c00000, 0x0000000087c00000|
|  45|0x0000000087d00000, 0x0000000087d00000, 0x0000000087e00000|  0%| F|  |TS  0|AC  0|TAMS 0x0000000087d00000, 0x0000000087d00000|
|  46|0x0000000087e00000, 0x0000000087e00000, 0x0000000087f00000|  0%| F|  |TS  0|AC  0|TAMS 0x0000000087e00000, 0x0000000087e00000|
|  47|0x0000000087f00000, 0x0000000087f00000, 0x0000000088000000|  0%| F|  |TS  0|AC  0|TAMS 0x0000000087f00000, 0x0000000087f00000|
|  48|0x0000000088000000, 0x0000000088000000, 0x0000000088100000|  0%| F|  |TS  0|AC  0|TAMS 0x0000000088000000, 0x0000000088000000|
|  49|0x0000000088100000, 0x0000000088100000, 0x0000000088200000|  0%| F|  |TS  0|AC  0|TAMS 0x0000000088100000, 0x0000000088100000|
|  50|0x0000000088200000, 0x0000000088200000, 0x0000000088300000|  0%| F|  |TS  0|AC  0|TAMS 0x0000000088200000, 0x0000000088200000|
|  51|0x0000000088300000, 0x0000000088300000, 0x0000000088400000|  0%| F|  |TS  0|AC  0|TAMS 0x0000000088300000, 0x0000000088300000|
|  52|0x0000000088400000, 0x0000000088400000, 0x0000000088500000|  0%| F|  |TS  0|AC  0|TAMS 0x0000000088400000, 0x0000000088400000|
|  53|0x0000000088500000, 0x0000000088500000, 0x0000000088600000|  0%| F|  |TS  0|AC  0|TAMS 0x0000000088500000, 0x0000000088500000|
|  54|0x0000000088600000, 0x0000000088600000, 0x0000000088700000|  0%| F|  |TS  0|AC  0|TAMS 0x0000000088600000, 0x0000000088600000|
|  55|0x0000000088700000, 0x0000000088700000, 0x0000000088800000|  0%| F|  |TS  0|AC  0|TAMS 0x0000000088700000, 0x0000000088700000|
|  56|0x0000000088800000, 0x0000000088800000, 0x0000000088900000|  0%| F|  |TS  0|AC  0|TAMS 0x0000000088800000, 0x0000000088800000|
|  57|0x0000000088900000, 0x0000000088900000, 0x0000000088a00000|  0%| F|  |TS  0|AC  0|TAMS 0x0000000088900000, 0x0000000088900000|
|  58|0x0000000088a00000, 0x0000000088a00000, 0x0000000088b00000|  0%| F|  |TS  0|AC  0|TAMS 0x0000000088a00000, 0x0000000088a00000|
|  59|0x0000000088b00000, 0x0000000088b00000, 0x0000000088c00000|  0%| F|  |TS  0|AC  0|TAMS 0x0000000088b00000, 0x0000000088b00000|
|  60|0x0000000088c00000, 0x0000000088c00000, 0x0000000088d00000|  0%| F|  |TS  0|AC  0|TAMS 0x0000000088c00000, 0x0000000088c00000|
|  61|0x0000000088d00000, 0x0000000088d00000, 0x0000000088e00000|  0%| F|  |TS  0|AC  0|TAMS 0x0000000088d00000, 0x0000000088d00000|
|  62|0x0000000088e00000, 0x0000000088e00000, 0x0000000088f00000|  0%| F|  |TS  0|AC  0|TAMS 0x0000000088e00000, 0x0000000088e00000|
|  63|0x0000000088f00000, 0x0000000088f00000, 0x0000000089000000|  0%| F|  |TS  0|AC  0|TAMS 0x0000000088f00000, 0x0000000088f00000|
|  64|0x0000000089000000, 0x0000000089000000, 0x0000000089100000|  0%| F|  |TS  0|AC  0|TAMS 0x0000000089000000, 0x0000000089000000|
|  65|0x0000000089100000, 0x0000000089100000, 0x0000000089200000|  0%| F|  |TS  0|AC  0|TAMS 0x0000000089100000, 0x0000000089100000|
|  66|0x0000000089200000, 0x0000000089200000, 0x0000000089300000|  0%| F|  |TS  0|AC  0|TAMS 0x0000000089200000, 0x0000000089200000|
|  67|0x0000000089300000, 0x0000000089300000, 0x0000000089400000|  0%| F|  |TS  0|AC  0|TAMS 0x0000000089300000, 0x0000000089300000|
|  68|0x0000000089400000, 0x0000000089400000, 0x0000000089500000|  0%| F|  |TS  0|AC  0|TAMS 0x0000000089400000, 0x0000000089400000|
|  69|0x0000000089500000, 0x0000000089500000, 0x0000000089600000|  0%| F|  |TS  0|AC  0|TAMS 0x0000000089500000, 0x0000000089500000|
|  70|0x0000000089600000, 0x0000000089600000, 0x0000000089700000|  0%| F|  |TS  0|AC  0|TAMS 0x0000000089600000, 0x0000000089600000|
|  71|0x0000000089700000, 0x0000000089700000, 0x0000000089800000|  0%| F|  |TS  0|AC  0|TAMS 0x0000000089700000, 0x0000000089700000|
|  72|0x0000000089800000, 0x0000000089800000, 0x0000000089900000|  0%| F|  |TS  0|AC  0|TAMS 0x0000000089800000, 0x0000000089800000|
|  73|0x0000000089900000, 0x0000000089900000, 0x0000000089a00000|  0%| F|  |TS  0|AC  0|TAMS 0x0000000089900000, 0x0000000089900000|
|  74|0x0000000089a00000, 0x0000000089a00000, 0x0000000089b00000|  0%| F|  |TS  0|AC  0|TAMS 0x0000000089a00000, 0x0000000089a00000|
|  75|0x0000000089b00000, 0x0000000089b00000, 0x0000000089c00000|  0%| F|  |TS  0|AC  0|TAMS 0x0000000089b00000, 0x0000000089b00000|
|  76|0x0000000089c00000, 0x0000000089c00000, 0x0000000089d00000|  0%| F|  |TS  0|AC  0|TAMS 0x0000000089c00000, 0x0000000089c00000|
|  77|0x0000000089d00000, 0x0000000089d00000, 0x0000000089e00000|  0%| F|  |TS  0|AC  0|TAMS 0x0000000089d00000, 0x0000000089d00000|
|  78|0x0000000089e00000, 0x0000000089e00000, 0x0000000089f00000|  0%| F|  |TS  0|AC  0|TAMS 0x0000000089e00000, 0x0000000089e00000|
|  79|0x0000000089f00000, 0x0000000089f00000, 0x000000008a000000|  0%| F|  |TS  0|AC  0|TAMS 0x0000000089f00000, 0x0000000089f00000|
|  80|0x000000008a000000, 0x000000008a000000, 0x000000008a100000|  0%| F|  |TS  0|AC  0|TAMS 0x000000008a000000, 0x000000008a000000|
|  81|0x000000008a100000, 0x000000008a100000, 0x000000008a200000|  0%| F|  |TS  0|AC  0|TAMS 0x000000008a100000, 0x000000008a100000|
|  82|0x000000008a200000, 0x000000008a200000, 0x000000008a300000|  0%| F|  |TS  0|AC  0|TAMS 0x000000008a200000, 0x000000008a200000|
|  83|0x000000008a300000, 0x000000008a300000, 0x000000008a400000|  0%| F|  |TS  0|AC  0|TAMS 0x000000008a300000, 0x000000008a300000|
|  84|0x000000008a400000, 0x000000008a400000, 0x000000008a500000|  0%| F|  |TS  0|AC  0|TAMS 0x000000008a400000, 0x000000008a400000|
|  85|0x000000008a500000, 0x000000008a500000, 0x000000008a600000|  0%| F|  |TS  0|AC  0|TAMS 0x000000008a500000, 0x000000008a500000|
|  86|0x000000008a600000, 0x000000008a600000, 0x000000008a700000|  0%| F|  |TS  0|AC  0|TAMS 0x000000008a600000, 0x000000008a600000|
|  87|0x000000008a700000, 0x000000008a700000, 0x000000008a800000|  0%| F|  |TS  0|AC  0|TAMS 0x000000008a700000, 0x000000008a700000|
|  88|0x000000008a800000, 0x000000008a800000, 0x000000008a900000|  0%| F|  |TS  0|AC  0|TAMS 0x000000008a800000, 0x000000008a800000|
|  89|0x000000008a900000, 0x000000008a900000, 0x000000008aa00000|  0%| F|  |TS  0|AC  0|TAMS 0x000000008a900000, 0x000000008a900000|
|  90|0x000000008aa00000, 0x000000008aa00000, 0x000000008ab00000|  0%| F|  |TS  0|AC  0|TAMS 0x000000008aa00000, 0x000000008aa00000|
|  91|0x000000008ab00000, 0x000000008ab00000, 0x000000008ac00000|  0%| F|  |TS  0|AC  0|TAMS 0x000000008ab00000, 0x000000008ab00000|
|  92|0x000000008ac00000, 0x000000008ac00000, 0x000000008ad00000|  0%| F|  |TS  0|AC  0|TAMS 0x000000008ac00000, 0x000000008ac00000|
|  93|0x000000008ad00000, 0x000000008ad00000, 0x000000008ae00000|  0%| F|  |TS  0|AC  0|TAMS 0x000000008ad00000, 0x000000008ad00000|
|  94|0x000000008ae00000, 0x000000008ae00000, 0x000000008af00000|  0%| F|  |TS  0|AC  0|TAMS 0x000000008ae00000, 0x000000008ae00000|
|  95|0x000000008af00000, 0x000000008af00000, 0x000000008b000000|  0%| F|  |TS  0|AC  0|TAMS 0x000000008af00000, 0x000000008af00000|
|  96|0x000000008b000000, 0x000000008b000000, 0x000000008b100000|  0%| F|  |TS  0|AC  0|TAMS 0x000000008b000000, 0x000000008b000000|
|  97|0x000000008b100000, 0x000000008b100000, 0x000000008b200000|  0%| F|  |TS  0|AC  0|TAMS 0x000000008b100000, 0x000000008b100000|
|  98|0x000000008b200000, 0x000000008b200000, 0x000000008b300000|  0%| F|  |TS  0|AC  0|TAMS 0x000000008b200000, 0x000000008b200000|
|  99|0x000000008b300000, 0x000000008b300000, 0x000000008b400000|  0%| F|  |TS  0|AC  0|TAMS 0x000000008b300000, 0x000000008b300000|
| 100|0x000000008b400000, 0x000000008b400000, 0x000000008b500000|  0%| F|  |TS  0|AC  0|TAMS 0x000000008b400000, 0x000000008b400000|
| 101|0x000000008b500000, 0x000000008b500000, 0x000000008b600000|  0%| F|  |TS  0|AC  0|TAMS 0x000000008b500000, 0x000000008b500000|
| 102|0x000000008b600000, 0x000000008b600000, 0x000000008b700000|  0%| F|  |TS  0|AC  0|TAMS 0x000000008b600000, 0x000000008b600000|
| 103|0x000000008b700000, 0x000000008b700000, 0x000000008b800000|  0%| F|  |TS  0|AC  0|TAMS 0x000000008b700000, 0x000000008b700000|
| 104|0x000000008b800000, 0x000000008b800000, 0x000000008b900000|  0%| F|  |TS  0|AC  0|TAMS 0x000000008b800000, 0x000000008b800000|
| 105|0x000000008b900000, 0x000000008b900000, 0x000000008ba00000|  0%| F|  |TS  0|AC  0|TAMS 0x000000008b900000, 0x000000008b900000|
| 106|0x000000008ba00000, 0x000000008ba00000, 0x000000008bb00000|  0%| F|  |TS  0|AC  0|TAMS 0x000000008ba00000, 0x000000008ba00000|
| 107|0x000000008bb00000, 0x000000008bb00000, 0x000000008bc00000|  0%| F|  |TS  0|AC  0|TAMS 0x000000008bb00000, 0x000000008bb00000|
| 108|0x000000008bc00000, 0x000000008bc00000, 0x000000008bd00000|  0%| F|  |TS  0|AC  0|TAMS 0x000000008bc00000, 0x000000008bc00000|
| 109|0x000000008bd00000, 0x000000008bd00000, 0x000000008be00000|  0%| F|  |TS  0|AC  0|TAMS 0x000000008bd00000, 0x000000008bd00000|
| 110|0x000000008be00000, 0x000000008be00000, 0x000000008bf00000|  0%| F|  |TS  0|AC  0|TAMS 0x000000008be00000, 0x000000008be00000|
| 111|0x000000008bf00000, 0x000000008bf00000, 0x000000008c000000|  0%| F|  |TS  0|AC  0|TAMS 0x000000008bf00000, 0x000000008bf00000|
| 112|0x000000008c000000, 0x000000008c000000, 0x000000008c100000|  0%| F|  |TS  0|AC  0|TAMS 0x000000008c000000, 0x000000008c000000|
| 113|0x000000008c100000, 0x000000008c100000, 0x000000008c200000|  0%| F|  |TS  0|AC  0|TAMS 0x000000008c100000, 0x000000008c100000|
| 114|0x000000008c200000, 0x000000008c200000, 0x000000008c300000|  0%| F|  |TS  0|AC  0|TAMS 0x000000008c200000, 0x000000008c200000|
| 115|0x000000008c300000, 0x000000008c300000, 0x000000008c400000|  0%| F|  |TS  0|AC  0|TAMS 0x000000008c300000, 0x000000008c300000|
| 116|0x000000008c400000, 0x000000008c500000, 0x000000008c500000|100%| S|CS|TS  1|AC  0|TAMS 0x000000008c400000, 0x000000008c400000|
| 117|0x000000008c500000, 0x000000008c500000, 0x000000008c600000|  0%| F|  |TS  1|AC  0|TAMS 0x000000008c500000, 0x000000008c500000|
| 118|0x000000008c600000, 0x000000008c600000, 0x000000008c700000|  0%| F|  |TS  1|AC  0|TAMS 0x000000008c600000, 0x000000008c600000|
| 119|0x000000008c700000, 0x000000008c76a6d0, 0x000000008c800000| 41%| E|  |TS  1|AC  0|TAMS 0x000000008c700000, 0x000000008c700000|
| 120|0x000000008c800000, 0x000000008c900000, 0x000000008c900000|100%| E|CS|TS  1|AC  0|TAMS 0x000000008c800000, 0x000000008c800000|
| 121|0x000000008c900000, 0x000000008ca00000, 0x000000008ca00000|100%| E|CS|TS  1|AC  0|TAMS 0x000000008c900000, 0x000000008c900000|
| 122|0x000000008ca00000, 0x000000008cb00000, 0x000000008cb00000|100%| E|CS|TS  1|AC  0|TAMS 0x000000008ca00000, 0x000000008ca00000|
| 123|0x000000008cb00000, 0x000000008cc00000, 0x000000008cc00000|100%| E|CS|TS  1|AC  0|TAMS 0x000000008cb00000, 0x000000008cb00000|

Card table byte_map: [0x00007f91fd54f000,0x00007f91fd927000] byte_map_base: 0x00007f91fd127000

Marking Bits (Prev, Next): (CMBitMap*) 0x00007f91f8051690, (CMBitMap*) 0x00007f91f80516c8
 Prev Bits: [0x00007f91ddc67000, 0x00007f91dfb27000)
 Next Bits: [0x00007f91d6140000, 0x00007f91d8000000)

Polling page: 0x00007f9201fa6000

CodeHeap 'non-profiled nmethods': size=120036Kb used=153Kb max_used=153Kb free=119882Kb
 bounds [0x00007f91e75ee000, 0x00007f91e785e000, 0x00007f91eeb27000]
CodeHeap 'profiled nmethods': size=120032Kb used=976Kb max_used=976Kb free=119055Kb
 bounds [0x00007f91e00b6000, 0x00007f91e0326000, 0x00007f91e75ee000]
CodeHeap 'non-nmethods': size=5692Kb used=1044Kb max_used=1056Kb free=4647Kb
 bounds [0x00007f91dfb27000, 0x00007f91dfd97000, 0x00007f91e00b6000]
 total_blobs=1042 nmethods=575 adapters=272
 compilation: enabled

Compilation events (10 events):
Event: 39.738 Thread 0x00007f91f8144800  570       1       java.net.SocketImpl::getSocket (5 bytes)
Event: 39.738 Thread 0x00007f91f8144800 nmethod 570 0x00007f91e7613b90 code [0x00007f91e7613d40, 0x00007f91e7613e50]
Event: 39.862 Thread 0x00007f91f8144800  572       1       org.sqlite.core.CoreResultSet::isOpen (5 bytes)
Event: 39.862 Thread 0x00007f91f8144800 nmethod 572 0x00007f91e7613e90 code [0x00007f91e7614040, 0x00007f91e7614150]
Event: 39.862 Thread 0x00007f91f8144800  573   !   3       java.net.AbstractPlainSocketImpl::acquireFD (29 bytes)
Event: 39.862 Thread 0x00007f91f8144800 nmethod 573 0x00007f91e01a9310 code [0x00007f91e01a94c0, 0x00007f91e01a97b0]
Event: 39.862 Thread 0x00007f91f8144800  575   !   3       java.net.AbstractPlainSocketImpl::releaseFD (74 bytes)
Event: 39.863 Thread 0x00007f91f8144800 nmethod 575 0x00007f91e01a9890 code [0x00007f91e01a9a80, 0x00007f91e01aa0c8]
Event: 39.863 Thread 0x00007f91f8144800  574       1       java.net.AbstractPlainSocketImpl::getTimeout (5 bytes)
Event: 39.863 Thread 0x00007f91f8144800 nmethod 574 0x00007f91e7614210 code [0x00007f91e76143c0, 0x00007f91e76144d0]

GC Heap History (2 events):
Event: 33.725 GC heap before
{Heap before GC invocations=0 (full 0):
 garbage-first heap   total 126976K, used 7168K [0x0000000085000000, 0x0000000100000000)
  region size 1024K, 7 young (7168K), 0 survivors (0K)
 Metaspace       used 9327K, capacity 9558K, committed 9984K, reserved 1058816K
  class space    used 820K, capacity 909K, committed 1024K, reserved 1048576K
}
Event: 33.729 GC heap after
{Heap after GC invocations=1 (full 0):
 garbage-first heap   total 126976K, used 1845K [0x0000000085000000, 0x0000000100000000)
  region size 1024K, 1 young (1024K), 1 survivors (1024K)
 Metaspace       used 9327K, capacity 9558K, committed 9984K, reserved 1058816K
  class space    used 820K, capacity 909K, committed 1024K, reserved 1048576K
}

Deoptimization events (3 events):
Event: 0.158 Thread 0x00007f91f8011000 Uncommon trap: reason=unstable_if action=reinterpret pc=0x00007f91e75f27ec method=java.lang.String.hashCode()I @ 14 c2
Event: 27.652 Thread 0x00007f91f8011000 Uncommon trap: reason=unstable_if action=reinterpret pc=0x00007f91e75f6e8c method=java.lang.String.isLatin1()Z @ 10 c2
Event: 27.687 Thread 0x00007f91f8011000 Uncommon trap: reason=unstable_if action=reinterpret pc=0x00007f91e7610618 method=org.sqlite.SQLiteJDBCLoader.contentsEquals(Ljava/io/InputStream;Ljava/io/InputStream;)Z @ 39 c2

Classes redefined (0 events):
No events

Internal exceptions (2 events):
Event: 27.505 Thread 0x00007f91f8011000 Exception <a 'java/lang/NoSuchMethodError'{0x000000008c813978}: java.lang.Object.lambda$negate$3(I)Z> (0x000000008c813978) thrown at [/build/openjdk-10-RhZj4p/openjdk-10-10.0.1+10/src/hotspot/share/interpreter/linkResolver.cpp, line 741]
Event: 27.510 Thread 0x00007f91f8011000 Exception <a 'java/lang/NoSuchMethodError'{0x000000008c81ca18}: java.lang.Object.lambda$union$2(Ljava/util/regex/Pattern$CharPredicate;I)Z> (0x000000008c81ca18) thrown at [/build/openjdk-10-RhZj4p/openjdk-10-10.0.1+10/src/hotspot/share/interpreter/linkRes

Events (10 events):
Event: 40.187 Thread 0x00007f91f830c800 Thread added: 0x00007f91f830c800
Event: 40.352 Thread 0x00007f91f830c800 Thread exited: 0x00007f91f830c800
Event: 40.356 Thread 0x00007f91f830c800 Thread added: 0x00007f91f830c800
Event: 40.486 Thread 0x00007f91f830c800 Thread exited: 0x00007f91f830c800
Event: 40.488 Thread 0x00007f91f830c800 Thread added: 0x00007f91f830c800
Event: 40.603 Thread 0x00007f91f830c800 Thread exited: 0x00007f91f830c800
Event: 40.606 Thread 0x00007f91f830c800 Thread added: 0x00007f91f830c800
Event: 40.640 Thread 0x00007f91f8310800 Thread added: 0x00007f91f8310800
Event: 40.728 Thread 0x00007f91f830c800 Thread exited: 0x00007f91f830c800
Event: 40.731 Thread 0x00007f91f830c800 Thread added: 0x00007f91f830c800


Dynamic libraries:
85000000-8cc00000 rw-p 00000000 00:00 0 
8cc00000-100000000 ---p 00000000 00:00 0 
100000000-100100000 rw-p 00000000 00:00 0 
100100000-140000000 ---p 00000000 00:00 0 
565344060000-565344061000 r-xp 00000000 08:01 16887                      /usr/lib/jvm/java-10-openjdk-amd64/bin/java
565344261000-565344262000 r--p 00001000 08:01 16887                      /usr/lib/jvm/java-10-openjdk-amd64/bin/java
565344262000-565344263000 rw-p 00002000 08:01 16887                      /usr/lib/jvm/java-10-openjdk-amd64/bin/java
565344496000-5653444b7000 rw-p 00000000 00:00 0                          [heap]
7f919c000000-7f919c021000 rw-p 00000000 00:00 0 
7f919c021000-7f91a0000000 ---p 00000000 00:00 0 
7f91a4000000-7f91a40fa000 rw-p 00000000 00:00 0 
7f91a40fa000-7f91a8000000 ---p 00000000 00:00 0 
7f91a8000000-7f91a8258000 rw-p 00000000 00:00 0 
7f91a8258000-7f91ac000000 ---p 00000000 00:00 0 
7f91ac000000-7f91ac021000 rw-p 00000000 00:00 0 
7f91ac021000-7f91b0000000 ---p 00000000 00:00 0 
7f91b0000000-7f91b0021000 rw-p 00000000 00:00 0 
7f91b0021000-7f91b4000000 ---p 00000000 00:00 0 
7f91b4000000-7f91b4021000 rw-p 00000000 00:00 0 
7f91b4021000-7f91b8000000 ---p 00000000 00:00 0 
7f91b8000000-7f91b8021000 rw-p 00000000 00:00 0 
7f91b8021000-7f91bc000000 ---p 00000000 00:00 0 
7f91bc000000-7f91bc021000 rw-p 00000000 00:00 0 
7f91bc021000-7f91c0000000 ---p 00000000 00:00 0 
7f91c0000000-7f91c0021000 rw-p 00000000 00:00 0 
7f91c0021000-7f91c4000000 ---p 00000000 00:00 0 
7f91c4000000-7f91c4021000 rw-p 00000000 00:00 0 
7f91c4021000-7f91c8000000 ---p 00000000 00:00 0 
7f91c8000000-7f91c8021000 rw-p 00000000 00:00 0 
7f91c8021000-7f91cc000000 ---p 00000000 00:00 0 
7f91cc000000-7f91cc021000 rw-p 00000000 00:00 0 
7f91cc021000-7f91d0000000 ---p 00000000 00:00 0 
7f91d0000000-7f91d0021000 rw-p 00000000 00:00 0 
7f91d0021000-7f91d4000000 ---p 00000000 00:00 0 
7f91d4140000-7f91d6330000 rw-p 00000000 00:00 0 
7f91d6330000-7f91d8000000 ---p 00000000 00:00 0 
7f91d8000000-7f91d8021000 rw-p 00000000 00:00 0 
7f91d8021000-7f91dc000000 ---p 00000000 00:00 0 
7f91dc4fd000-7f91dc501000 ---p 00000000 00:00 0 
7f91dc501000-7f91dc5fe000 rw-p 00000000 00:00 0 
7f91dc5fe000-7f91dc602000 ---p 00000000 00:00 0 
7f91dc602000-7f91dc6ff000 rw-p 00000000 00:00 0 
7f91dc6ff000-7f91dc7b8000 r-xp 00000000 08:01 160364                     /tmp/sqlite-3.8.11.2-c3d038a1-4cf4-4478-ae26-6c8fff731e23-libsqlitejdbc.so
7f91dc7b8000-7f91dc9b8000 ---p 000b9000 08:01 160364                     /tmp/sqlite-3.8.11.2-c3d038a1-4cf4-4478-ae26-6c8fff731e23-libsqlitejdbc.so
7f91dc9b8000-7f91dc9bd000 rw-p 000b9000 08:01 160364                     /tmp/sqlite-3.8.11.2-c3d038a1-4cf4-4478-ae26-6c8fff731e23-libsqlitejdbc.so
7f91dc9bd000-7f91dca7d000 rw-p 00000000 00:00 0 
7f91dca7d000-7f91dcbbd000 ---p 00000000 00:00 0 
7f91dcbbd000-7f91dcbbe000 r-xp 00000000 08:01 17387                      /usr/lib/jvm/java-10-openjdk-amd64/lib/libextnet.so
7f91dcbbe000-7f91dcdbe000 ---p 00001000 08:01 17387                      /usr/lib/jvm/java-10-openjdk-amd64/lib/libextnet.so
7f91dcdbe000-7f91dcdbf000 r--p 00001000 08:01 17387                      /usr/lib/jvm/java-10-openjdk-amd64/lib/libextnet.so
7f91dcdbf000-7f91dcdc0000 rw-p 00002000 08:01 17387                      /usr/lib/jvm/java-10-openjdk-amd64/lib/libextnet.so
7f91dcdc0000-7f91dcdd6000 r-xp 00000000 08:01 17407                      /usr/lib/jvm/java-10-openjdk-amd64/lib/libnet.so
7f91dcdd6000-7f91dcfd6000 ---p 00016000 08:01 17407                      /usr/lib/jvm/java-10-openjdk-amd64/lib/libnet.so
7f91dcfd6000-7f91dcfd7000 r--p 00016000 08:01 17407                      /usr/lib/jvm/java-10-openjdk-amd64/lib/libnet.so
7f91dcfd7000-7f91dcfd8000 rw-p 00017000 08:01 17407                      /usr/lib/jvm/java-10-openjdk-amd64/lib/libnet.so
7f91dcfd8000-7f91dcfe9000 r-xp 00000000 08:01 17408                      /usr/lib/jvm/java-10-openjdk-amd64/lib/libnio.so
7f91dcfe9000-7f91dd1e8000 ---p 00011000 08:01 17408                      /usr/lib/jvm/java-10-openjdk-amd64/lib/libnio.so
7f91dd1e8000-7f91dd1e9000 r--p 00010000 08:01 17408                      /usr/lib/jvm/java-10-openjdk-amd64/lib/libnio.so
7f91dd1e9000-7f91dd1ea000 rw-p 00011000 08:01 17408                      /usr/lib/jvm/java-10-openjdk-amd64/lib/libnio.so
7f91dd1ea000-7f91dd1ee000 ---p 00000000 00:00 0 
7f91dd1ee000-7f91dd2eb000 rw-p 00000000 00:00 0 
7f91dd2eb000-7f91dd2ec000 ---p 00000000 00:00 0 
7f91dd2ec000-7f91dd3ed000 rw-p 00000000 00:00 0 
7f91dd3ed000-7f91dd3f1000 ---p 00000000 00:00 0 
7f91dd3f1000-7f91dd4ee000 rw-p 00000000 00:00 0 
7f91dd4ee000-7f91dd4f2000 ---p 00000000 00:00 0 
7f91dd4f2000-7f91dd5ef000 rw-p 00000000 00:00 0 
7f91dd5ef000-7f91dd5f3000 ---p 00000000 00:00 0 
7f91dd5f3000-7f91dd6f0000 rw-p 00000000 00:00 0 
7f91dd6f0000-7f91dd6f4000 ---p 00000000 00:00 0 
7f91dd6f4000-7f91dd7f1000 rw-p 00000000 00:00 0 
7f91dd7f1000-7f91dd7f5000 ---p 00000000 00:00 0 
7f91dd7f5000-7f91dd8f2000 rw-p 00000000 00:00 0 
7f91dd8f2000-7f91dda65000 r--p 00000000 08:01 164567                     /usr/lib/locale/C.UTF-8/LC_COLLATE
7f91dda65000-7f91dda69000 ---p 00000000 00:00 0 
7f91dda69000-7f91ddb66000 rw-p 00000000 00:00 0 
7f91ddb66000-7f91ddb6a000 ---p 00000000 00:00 0 
7f91ddb6a000-7f91dde57000 rw-p 00000000 00:00 0 
7f91dde57000-7f91dfb27000 ---p 00000000 00:00 0 
7f91dfb27000-7f91dfd97000 rwxp 00000000 00:00 0 
7f91dfd97000-7f91e00b6000 ---p 00000000 00:00 0 
7f91e00b6000-7f91e0326000 rwxp 00000000 00:00 0 
7f91e0326000-7f91e75ee000 ---p 00000000 00:00 0 
7f91e75ee000-7f91e785e000 rwxp 00000000 00:00 0 
7f91e785e000-7f91eeb27000 ---p 00000000 00:00 0 
7f91eeb27000-7f91f8000000 r--s 00000000 08:01 17418                      /usr/lib/jvm/java-10-openjdk-amd64/lib/modules
7f91f8000000-7f91f8336000 rw-p 00000000 00:00 0 
7f91f8336000-7f91fc000000 ---p 00000000 00:00 0 
7f91fc00e000-7f91fc03f000 rw-p 00000000 00:00 0 
7f91fc03f000-7f91fc070000 r--p 00000000 08:01 164568                     /usr/lib/locale/C.UTF-8/LC_CTYPE
7f91fc070000-7f91fc071000 ---p 00000000 00:00 0 
7f91fc071000-7f91fca6b000 rw-p 00000000 00:00 0 
7f91fca6b000-7f91fca6c000 ---p 00000000 00:00 0 
7f91fca6c000-7f91fcb6d000 rw-p 00000000 00:00 0 
7f91fcb6d000-7f91fcb6e000 ---p 00000000 00:00 0 
7f91fcb6e000-7f91fcc6f000 rw-p 00000000 00:00 0 
7f91fcc6f000-7f91fcc70000 ---p 00000000 00:00 0 
7f91fcc70000-7f91fcf73000 rw-p 00000000 00:00 0 
7f91fcf73000-7f91fcf74000 ---p 00000000 00:00 0 
7f91fcf74000-7f91fd075000 rw-p 00000000 00:00 0 
7f91fd075000-7f91fd076000 ---p 00000000 00:00 0 
7f91fd076000-7f91fd1b5000 rw-p 00000000 00:00 0 
7f91fd1b5000-7f91fd54f000 ---p 00000000 00:00 0 
7f91fd54f000-7f91fd58d000 rw-p 00000000 00:00 0 
7f91fd58d000-7f91fd927000 ---p 00000000 00:00 0 
7f91fd927000-7f91fd965000 rw-p 00000000 00:00 0 
7f91fd965000-7f91fdcff000 ---p 00000000 00:00 0 
7f91fdcff000-7f91fdf01000 rw-p 00000000 00:00 0 
7f91fdf01000-7f91fdf02000 ---p 00000000 00:00 0 
7f91fdf02000-7f91fe003000 rw-p 00000000 00:00 0 
7f91fe003000-7f91fe004000 ---p 00000000 00:00 0 
7f91fe004000-7f91fe10a000 rw-p 00000000 00:00 0 
7f91fe10a000-7f91fe1f0000 ---p 00000000 00:00 0 
7f91fe1f0000-7f91fe1f5000 rw-p 00000000 00:00 0 
7f91fe1f5000-7f91fe2db000 ---p 00000000 00:00 0 
7f91fe2db000-7f91fe2e0000 r-xp 00000000 08:01 17398                      /usr/lib/jvm/java-10-openjdk-amd64/lib/libjimage.so
7f91fe2e0000-7f91fe4df000 ---p 00005000 08:01 17398                      /usr/lib/jvm/java-10-openjdk-amd64/lib/libjimage.so
7f91fe4df000-7f91fe4e0000 r--p 00004000 08:01 17398                      /usr/lib/jvm/java-10-openjdk-amd64/lib/libjimage.so
7f91fe4e0000-7f91fe4e1000 rw-p 00005000 08:01 17398                      /usr/lib/jvm/java-10-openjdk-amd64/lib/libjimage.so
7f91fe4e1000-7f91fe4e8000 r-xp 00000000 08:01 17417                      /usr/lib/jvm/java-10-openjdk-amd64/lib/libzip.so
7f91fe4e8000-7f91fe6e7000 ---p 00007000 08:01 17417                      /usr/lib/jvm/java-10-openjdk-amd64/lib/libzip.so
7f91fe6e7000-7f91fe6e8000 r--p 00006000 08:01 17417                      /usr/lib/jvm/java-10-openjdk-amd64/lib/libzip.so
7f91fe6e8000-7f91fe6e9000 rw-p 00007000 08:01 17417                      /usr/lib/jvm/java-10-openjdk-amd64/lib/libzip.so
7f91fe6e9000-7f91fe6f4000 r-xp 00000000 08:01 419613                     /usr/lib/x86_64-linux-gnu/libnss_files-2.27.so
7f91fe6f4000-7f91fe8f3000 ---p 0000b000 08:01 419613                     /usr/lib/x86_64-linux-gnu/libnss_files-2.27.so
7f91fe8f3000-7f91fe8f4000 r--p 0000a000 08:01 419613                     /usr/lib/x86_64-linux-gnu/libnss_files-2.27.so
7f91fe8f4000-7f91fe8f5000 rw-p 0000b000 08:01 419613                     /usr/lib/x86_64-linux-gnu/libnss_files-2.27.so
7f91fe8f5000-7f91fe8fb000 rw-p 00000000 00:00 0 
7f91fe8fb000-7f91fe910000 r-xp 00000000 08:01 419607                     /usr/lib/x86_64-linux-gnu/libnsl-2.27.so
7f91fe910000-7f91feb0f000 ---p 00015000 08:01 419607                     /usr/lib/x86_64-linux-gnu/libnsl-2.27.so
7f91feb0f000-7f91feb10000 r--p 00014000 08:01 419607                     /usr/lib/x86_64-linux-gnu/libnsl-2.27.so
7f91feb10000-7f91feb11000 rw-p 00015000 08:01 419607                     /usr/lib/x86_64-linux-gnu/libnsl-2.27.so
7f91feb11000-7f91feb13000 rw-p 00000000 00:00 0 
7f91feb13000-7f91feb1e000 r-xp 00000000 08:01 419617                     /usr/lib/x86_64-linux-gnu/libnss_nis-2.27.so
7f91feb1e000-7f91fed1d000 ---p 0000b000 08:01 419617                     /usr/lib/x86_64-linux-gnu/libnss_nis-2.27.so
7f91fed1d000-7f91fed1e000 r--p 0000a000 08:01 419617                     /usr/lib/x86_64-linux-gnu/libnss_nis-2.27.so
7f91fed1e000-7f91fed1f000 rw-p 0000b000 08:01 419617                     /usr/lib/x86_64-linux-gnu/libnss_nis-2.27.so
7f91fed1f000-7f91fed26000 r-xp 00000000 08:01 419609                     /usr/lib/x86_64-linux-gnu/libnss_compat-2.27.so
7f91fed26000-7f91fef25000 ---p 00007000 08:01 419609                     /usr/lib/x86_64-linux-gnu/libnss_compat-2.27.so
7f91fef25000-7f91fef26000 r--p 00006000 08:01 419609                     /usr/lib/x86_64-linux-gnu/libnss_compat-2.27.so
7f91fef26000-7f91fef27000 rw-p 00007000 08:01 419609                     /usr/lib/x86_64-linux-gnu/libnss_compat-2.27.so
7f91fef27000-7f91fef53000 r-xp 00000000 08:01 17394                      /usr/lib/jvm/java-10-openjdk-amd64/lib/libjava.so
7f91fef53000-7f91ff152000 ---p 0002c000 08:01 17394                      /usr/lib/jvm/java-10-openjdk-amd64/lib/libjava.so
7f91ff152000-7f91ff153000 r--p 0002b000 08:01 17394                      /usr/lib/jvm/java-10-openjdk-amd64/lib/libjava.so
7f91ff153000-7f91ff155000 rw-p 0002c000 08:01 17394                      /usr/lib/jvm/java-10-openjdk-amd64/lib/libjava.so
7f91ff155000-7f91ff162000 r-xp 00000000 08:01 17416                      /usr/lib/jvm/java-10-openjdk-amd64/lib/libverify.so
7f91ff162000-7f91ff361000 ---p 0000d000 08:01 17416                      /usr/lib/jvm/java-10-openjdk-amd64/lib/libverify.so
7f91ff361000-7f91ff363000 r--p 0000c000 08:01 17416                      /usr/lib/jvm/java-10-openjdk-amd64/lib/libverify.so
7f91ff363000-7f91ff364000 rw-p 0000e000 08:01 17416                      /usr/lib/jvm/java-10-openjdk-amd64/lib/libverify.so
7f91ff364000-7f91ff36b000 r-xp 00000000 08:01 419640                     /usr/lib/x86_64-linux-gnu/librt-2.27.so
7f91ff36b000-7f91ff56a000 ---p 00007000 08:01 419640                     /usr/lib/x86_64-linux-gnu/librt-2.27.so
7f91ff56a000-7f91ff56b000 r--p 00006000 08:01 419640                     /usr/lib/x86_64-linux-gnu/librt-2.27.so
7f91ff56b000-7f91ff56c000 rw-p 00007000 08:01 419640                     /usr/lib/x86_64-linux-gnu/librt-2.27.so
7f91ff56c000-7f91ff583000 r-xp 00000000 08:01 419573                     /usr/lib/x86_64-linux-gnu/libgcc_s.so.1
7f91ff583000-7f91ff782000 ---p 00017000 08:01 419573                     /usr/lib/x86_64-linux-gnu/libgcc_s.so.1
7f91ff782000-7f91ff783000 r--p 00016000 08:01 419573                     /usr/lib/x86_64-linux-gnu/libgcc_s.so.1
7f91ff783000-7f91ff784000 rw-p 00017000 08:01 419573                     /usr/lib/x86_64-linux-gnu/libgcc_s.so.1
7f91ff784000-7f91ff916000 r-xp 00000000 08:01 419592                     /usr/lib/x86_64-linux-gnu/libm-2.27.so
7f91ff916000-7f91ffb15000 ---p 00192000 08:01 419592                     /usr/lib/x86_64-linux-gnu/libm-2.27.so
7f91ffb15000-7f91ffb16000 r--p 00191000 08:01 419592                     /usr/lib/x86_64-linux-gnu/libm-2.27.so
7f91ffb16000-7f91ffb17000 rw-p 00192000 08:01 419592                     /usr/lib/x86_64-linux-gnu/libm-2.27.so
7f91ffb17000-7f91ffc89000 r-xp 00000000 08:01 419652                     /usr/lib/x86_64-linux-gnu/libstdc++.so.6.0.25
7f91ffc89000-7f91ffe89000 ---p 00172000 08:01 419652                     /usr/lib/x86_64-linux-gnu/libstdc++.so.6.0.25
7f91ffe89000-7f91ffe93000 r--p 00172000 08:01 419652                     /usr/lib/x86_64-linux-gnu/libstdc++.so.6.0.25
7f91ffe93000-7f91ffe95000 rw-p 0017c000 08:01 419652                     /usr/lib/x86_64-linux-gnu/libstdc++.so.6.0.25
7f91ffe95000-7f91ffe98000 rw-p 00000000 00:00 0 
7f91ffe98000-7f9200e35000 r-xp 00000000 08:01 17429                      /usr/lib/jvm/java-10-openjdk-amd64/lib/server/libjvm.so
7f9200e35000-7f9201035000 ---p 00f9d000 08:01 17429                      /usr/lib/jvm/java-10-openjdk-amd64/lib/server/libjvm.so
7f9201035000-7f92010f9000 r--p 00f9d000 08:01 17429                      /usr/lib/jvm/java-10-openjdk-amd64/lib/server/libjvm.so
7f92010f9000-7f9201131000 rw-p 01061000 08:01 17429                      /usr/lib/jvm/java-10-openjdk-amd64/lib/server/libjvm.so
7f9201131000-7f920117a000 rw-p 00000000 00:00 0 
7f920117a000-7f920132b000 r-xp 00000000 08:01 419544                     /usr/lib/x86_64-linux-gnu/libc-2.27.so
7f920132b000-7f920152a000 ---p 001b1000 08:01 419544                     /usr/lib/x86_64-linux-gnu/libc-2.27.so
7f920152a000-7f920152e000 r--p 001b0000 08:01 419544                     /usr/lib/x86_64-linux-gnu/libc-2.27.so
7f920152e000-7f9201530000 rw-p 001b4000 08:01 419544                     /usr/lib/x86_64-linux-gnu/libc-2.27.so
7f9201530000-7f9201534000 rw-p 00000000 00:00 0 
7f9201534000-7f9201537000 r-xp 00000000 08:01 419559                     /usr/lib/x86_64-linux-gnu/libdl-2.27.so
7f9201537000-7f9201736000 ---p 00003000 08:01 419559                     /usr/lib/x86_64-linux-gnu/libdl-2.27.so
7f9201736000-7f9201737000 r--p 00002000 08:01 419559                     /usr/lib/x86_64-linux-gnu/libdl-2.27.so
7f9201737000-7f9201738000 rw-p 00003000 08:01 419559                     /usr/lib/x86_64-linux-gnu/libdl-2.27.so
7f9201738000-7f9201747000 r-xp 00000000 08:01 17378                      /usr/lib/jvm/java-10-openjdk-amd64/lib/jli/libjli.so
7f9201747000-7f9201946000 ---p 0000f000 08:01 17378                      /usr/lib/jvm/java-10-openjdk-amd64/lib/jli/libjli.so
7f9201946000-7f9201947000 r--p 0000e000 08:01 17378                      /usr/lib/jvm/java-10-openjdk-amd64/lib/jli/libjli.so
7f9201947000-7f9201948000 rw-p 0000f000 08:01 17378                      /usr/lib/jvm/java-10-openjdk-amd64/lib/jli/libjli.so
7f9201948000-7f9201961000 r-xp 00000000 08:01 419636                     /usr/lib/x86_64-linux-gnu/libpthread-2.27.so
7f9201961000-7f9201b60000 ---p 00019000 08:01 419636                     /usr/lib/x86_64-linux-gnu/libpthread-2.27.so
7f9201b60000-7f9201b61000 r--p 00018000 08:01 419636                     /usr/lib/x86_64-linux-gnu/libpthread-2.27.so
7f9201b61000-7f9201b62000 rw-p 00019000 08:01 419636                     /usr/lib/x86_64-linux-gnu/libpthread-2.27.so
7f9201b62000-7f9201b66000 rw-p 00000000 00:00 0 
7f9201b66000-7f9201b82000 r-xp 00000000 08:01 419672                     /usr/lib/x86_64-linux-gnu/libz.so.1.2.11
7f9201b82000-7f9201d82000 ---p 0001c000 08:01 419672                     /usr/lib/x86_64-linux-gnu/libz.so.1.2.11
7f9201d82000-7f9201d83000 r--p 0001c000 08:01 419672                     /usr/lib/x86_64-linux-gnu/libz.so.1.2.11
7f9201d83000-7f9201d84000 rw-p 0001d000 08:01 419672                     /usr/lib/x86_64-linux-gnu/libz.so.1.2.11
7f9201d84000-7f9201da9000 r-xp 00000000 08:01 419522                     /usr/lib/x86_64-linux-gnu/ld-2.27.so
7f9201dbe000-7f9201dbf000 r--p 00000000 08:01 164573                     /usr/lib/locale/C.UTF-8/LC_NUMERIC
7f9201dbf000-7f9201dc0000 r--p 00000000 08:01 164576                     /usr/lib/locale/C.UTF-8/LC_TIME
7f9201dc0000-7f9201dc1000 r--p 00000000 08:01 164571                     /usr/lib/locale/C.UTF-8/LC_MONETARY
7f9201dc1000-7f9201dc2000 r--p 00000000 08:01 325416                     /usr/lib/locale/C.UTF-8/LC_MESSAGES/SYS_LC_MESSAGES
7f9201dc2000-7f9201dc3000 r--p 00000000 08:01 164574                     /usr/lib/locale/C.UTF-8/LC_PAPER
7f9201dc3000-7f9201dc4000 r--p 00000000 08:01 164572                     /usr/lib/locale/C.UTF-8/LC_NAME
7f9201dc4000-7f9201dc5000 r--p 00000000 08:01 164566                     /usr/lib/locale/C.UTF-8/LC_ADDRESS
7f9201dc5000-7f9201dcc000 r--s 00000000 08:01 419515                     /usr/lib/x86_64-linux-gnu/gconv/gconv-modules.cache
7f9201dcc000-7f9201e8e000 rw-p 00000000 00:00 0 
7f9201e8e000-7f9201e95000 ---p 00000000 00:00 0 
7f9201e95000-7f9201e9d000 rw-s 00000000 08:01 160371                     /tmp/hsperfdata_root/1
7f9201e9d000-7f9201ea1000 ---p 00000000 00:00 0 
7f9201ea1000-7f9201fa2000 rw-p 00000000 00:00 0 
7f9201fa2000-7f9201fa3000 r--p 00000000 08:01 164575                     /usr/lib/locale/C.UTF-8/LC_TELEPHONE
7f9201fa3000-7f9201fa4000 r--p 00000000 08:01 164570                     /usr/lib/locale/C.UTF-8/LC_MEASUREMENT
7f9201fa4000-7f9201fa5000 r--p 00000000 08:01 164569                     /usr/lib/locale/C.UTF-8/LC_IDENTIFICATION
7f9201fa5000-7f9201fa6000 rw-p 00000000 00:00 0 
7f9201fa6000-7f9201fa7000 ---p 00000000 00:00 0 
7f9201fa7000-7f9201fa8000 r--p 00000000 00:00 0 
7f9201fa8000-7f9201fa9000 r--p 00024000 08:01 419522                     /usr/lib/x86_64-linux-gnu/ld-2.27.so
7f9201fa9000-7f9201faa000 rw-p 00025000 08:01 419522                     /usr/lib/x86_64-linux-gnu/ld-2.27.so
7f9201faa000-7f9201fab000 rw-p 00000000 00:00 0 
7ffec7f02000-7ffec7f23000 rw-p 00000000 00:00 0                          [stack]
7ffec7fa6000-7ffec7fa9000 r--p 00000000 00:00 0                          [vvar]
7ffec7fa9000-7ffec7fab000 r-xp 00000000 00:00 0                          [vdso]
ffffffffff600000-ffffffffff601000 r-xp 00000000 00:00 0                  [vsyscall]


VM Arguments:
java_command: Server
java_class_path (initial): /app/build/install/nextid/lib/nextid.jar:/app/build/install/nextid/lib/sqlite-jdbc-3.8.11.2.jar
Launcher Type: SUN_STANDARD

Logging:
Log output configuration:
#0: stdout all=warning uptime,level,tags
#1: stderr all=off uptime,level,tags

Environment Variables:
JAVA_HOME=/docker-java-home
PATH=/usr/local/sbin:/usr/local/bin:/usr/sbin:/usr/bin:/sbin:/bin

Signal Handlers:
SIGSEGV: [libjvm.so+0xd28aa0], sa_mask[0]=11111111011111111101111111111110, sa_flags=SA_RESTART|SA_SIGINFO
SIGBUS: [libjvm.so+0xd28aa0], sa_mask[0]=11111111011111111101111111111110, sa_flags=SA_RESTART|SA_SIGINFO
SIGFPE: [libjvm.so+0xd28aa0], sa_mask[0]=11111111011111111101111111111110, sa_flags=SA_RESTART|SA_SIGINFO
SIGPIPE: [libjvm.so+0xb2a120], sa_mask[0]=11111111011111111101111111111110, sa_flags=SA_RESTART|SA_SIGINFO
SIGXFSZ: [libjvm.so+0xb2a120], sa_mask[0]=11111111011111111101111111111110, sa_flags=SA_RESTART|SA_SIGINFO
SIGILL: [libjvm.so+0xd28aa0], sa_mask[0]=11111111011111111101111111111110, sa_flags=SA_RESTART|SA_SIGINFO
SIGUSR2: [libjvm.so+0xb29f60], sa_mask[0]=00000000000000000000000000000000, sa_flags=SA_RESTART|SA_SIGINFO
SIGHUP: [libjvm.so+0xb2a0b0], sa_mask[0]=11111111011111111101111111111110, sa_flags=SA_RESTART|SA_SIGINFO
SIGINT: [libjvm.so+0xb2a0b0], sa_mask[0]=11111111011111111101111111111110, sa_flags=SA_RESTART|SA_SIGINFO
SIGTERM: [libjvm.so+0xb2a0b0], sa_mask[0]=11111111011111111101111111111110, sa_flags=SA_RESTART|SA_SIGINFO
SIGQUIT: [libjvm.so+0xb2a0b0], sa_mask[0]=11111111011111111101111111111110, sa_flags=SA_RESTART|SA_SIGINFO


---------------  S Y S T E M  ---------------

OS:PRETTY_NAME="Debian GNU/Linux buster/sid"
NAME="Debian GNU/Linux"
ID=debian
HOME_URL="https://www.debian.org/"
SUPPORT_URL="https://www.debian.org/support"
BUG_REPORT_URL="https://bugs.debian.org/"
uname:Linux 4.15.0-24-generic #26~16.04.1-Ubuntu SMP Fri Jun 15 14:35:08 UTC 2018 x86_64
libc:glibc 2.27 NPTL 2.27 
rlimit: STACK 8192k, CORE infinity, NPROC infinity, NOFILE 1048576, AS infinity, DATA infinity, FSIZE infinity
load average:0.87 0.66 0.56

/proc/meminfo:
MemTotal:        8054788 kB
MemFree:          246744 kB
MemAvailable:    3585480 kB
Buffers:          345508 kB
Cached:          3557348 kB
SwapCached:            4 kB
Active:          4297512 kB
Inactive:        2527280 kB
Active(anon):    2916840 kB
Inactive(anon):   468184 kB
Active(file):    1380672 kB
Inactive(file):  2059096 kB
Unevictable:          48 kB
Mlocked:              48 kB
SwapTotal:       7812092 kB
SwapFree:        7812080 kB
Dirty:              1292 kB
Writeback:             0 kB
AnonPages:       2921988 kB
Mapped:          1181380 kB
Shmem:            463088 kB
Slab:             283148 kB
SReclaimable:     202196 kB
SUnreclaim:        80952 kB
KernelStack:       12752 kB
PageTables:        65384 kB
NFS_Unstable:          0 kB
Bounce:                0 kB
WritebackTmp:          0 kB
CommitLimit:    11839484 kB
Committed_AS:   13884900 kB
VmallocTotal:   34359738367 kB
VmallocUsed:           0 kB
VmallocChunk:          0 kB
HardwareCorrupted:     0 kB
AnonHugePages:      6144 kB
ShmemHugePages:        0 kB
ShmemPmdMapped:        0 kB
CmaTotal:              0 kB
CmaFree:               0 kB
HugePages_Total:       0
HugePages_Free:        0
HugePages_Rsvd:        0
HugePages_Surp:        0
Hugepagesize:       2048 kB
DirectMap4k:      334960 kB
DirectMap2M:     7940096 kB

container (cgroup) information:
container_type: cgroupv1
cpu_cpuset_cpus: 0-1
cpu_memory_nodes: 0
active_processor_count: 2
cpu_quota: -1
cpu_period: 100000
cpu_shares: -1
memory_limit_in_bytes: -1
memory_and_swap_limit_in_bytes: -2
memory_soft_limit_in_bytes: -1
memory_usage_in_bytes: 33488896
memory_max_usage_in_bytes: 33521664


CPU:total 2 (initial active 2) (2 cores per cpu, 1 threads per core) family 6 model 42 stepping 7, cmov, cx8, fxsr, mmx, sse, sse2, sse3, ssse3, sse4.1, sse4.2, popcnt, clmul, tsc, tscinvbit
CPU Model and flags from /proc/cpuinfo:
model name	: Intel(R) Pentium(R) CPU G630 @ 2.70GHz
flags		: fpu vme de pse tsc msr pae mce cx8 apic sep mtrr pge mca cmov pat pse36 clflush dts acpi mmx fxsr sse sse2 ss ht tm pbe syscall nx rdtscp lm constant_tsc arch_perfmon pebs bts rep_good nopl xtopology nonstop_tsc cpuid aperfmperf pni pclmulqdq dtes64 monitor ds_cpl vmx est tm2 ssse3 cx16 xtpr pdcm pcid sse4_1 sse4_2 popcnt tsc_deadline_timer xsave lahf_lm epb pti ibrs ibpb stibp tpr_shadow vnmi flexpriority ept vpid xsaveopt dtherm arat pln pts

Memory: 4k page, physical 8054788k(246744k free), swap 7812092k(7812080k free)

vm_info: OpenJDK 64-Bit Server VM (10.0.1+10-Debian-4) for linux-amd64 JRE (10.0.1+10-Debian-4), built on May  5 2018 18:40:24 by "buildd" with gcc 7.3.0

END.
